<?xml version="1.0" encoding="UTF-8"?>
<!-- Generated by org.testng.reporters.JUnitXMLReporter -->
<testsuite ignored="0" hostname="DESKTOP-1JJO14E" failures="1" tests="1" name="Test" time="19.728" errors="0" timestamp="2025-01-27T16:48:57 EST">
  <testcase classname="testCases.TC_0002LoginTest" name="verify_login" time="11.211">
    <failure type="java.lang.AssertionError" message="null">
      <![CDATA[java.lang.AssertionError: null
at testCases.TC_0002LoginTest.verify_login(TC_0002LoginTest.java:40)
at java.base/java.util.ArrayList.forEach(ArrayList.java:1541)
... Removed 33 stack frames]]>
    </failure>
  </testcase> <!-- verify_login -->
</testsuite> <!-- Test -->
